<?xml version="1.0" encoding="UTF-8"?>
<testsuite xmlns:xsi="http://www.w3.org/2001/XMLSchema-instance" xsi:noNamespaceSchemaLocation="https://maven.apache.org/surefire/maven-surefire-plugin/xsd/surefire-test-report-3.0.xsd" version="3.0" name="com.stockcompare.Sprint2Tests" time="0.075" tests="33" errors="0" skipped="1" failures="0">
  <properties>
[...]
</properties>
  <testcase name="validateDateRange_nullDates_returnsFalse" classname="com.stockcompare.Sprint2Tests" time="0.016"/>
  <testcase name="saveStock_validData_returnsSavedStock" classname="com.stockcompare.Sprint2Tests" time="0.014">
    <system-out><![CDATA[[SavedStockService] Saved: SavedStock{id='814ba048-3e4d-4371-b32e-12beb7707649', symbol='AAPL', range=2026-04-15→2026-04-20, records=3}
]]></system-out>
  </testcase>
  <testcase name="loadStockData_returnsCorrectData" classname="com.stockcompare.Sprint2Tests" time="0.001">
    <system-out><![CDATA[[SavedStockService] Saved: SavedStock{id='8a8a8d64-faf0-4ac2-850d-cd0f46881c3f', symbol='TSLA', range=2026-04-15→2026-04-20, records=3}
]]></system-out>
  </testcase>
  <testcase name="manageAccount_updateEmail_succeeds" classname="com.stockcompare.Sprint2Tests" time="0.002"/>
  <testcase name="createAccount_duplicateEmail_throwsException" classname="com.stockcompare.Sprint2Tests" time="0.001"/>
  <testcase name="exportData_unsupportedFormat_throwsException" classname="com.stockcompare.Sprint2Tests" time="0.002"/>
  <testcase name="createAccount_validInput_returnsAccount" classname="com.stockcompare.Sprint2Tests" time="0.001"/>
  <testcase name="deleteStock_existingStock_returnsTrue" classname="com.stockcompare.Sprint2Tests" time="0.001">
    <system-out><![CDATA[[SavedStockService] Saved: SavedStock{id='3ce2fb2b-fc5f-4518-926d-cbcefe36bd9d', symbol='AAPL', range=2026-04-15→2026-04-20, records=3}
[SavedStockService] Delete 3ce2fb2b-fc5f-4518-926d-cbcefe36bd9d: success
]]></system-out>
  </testcase>
  <testcase name="searchStock_blankQuery_throwsException_disabled" classname="com.stockcompare.Sprint2Tests" time="0.0">
    <skipped type="org.opentest4j.TestAbortedException"><![CDATA[org.opentest4j.TestAbortedException: Assumption failed: assumption is not true
	at org.junit.jupiter.api.Assumptions.throwAssumptionFailed(Assumptions.java:316)
	at org.junit.jupiter.api.Assumptions.assumeTrue(Assumptions.java:115)
	at org.junit.jupiter.api.Assumptions.assumeTrue(Assumptions.java:66)
	at com.stockcompare.Sprint2Tests.searchStock_blankQuery_throwsException_disabled(Sprint2Tests.java:189)
	at java.base/java.lang.reflect.Method.invoke(Method.java:565)
	at java.base/java.util.ArrayList.forEach(ArrayList.java:1604)
	at java.base/java.util.ArrayList.forEach(ArrayList.java:1604)
]]></skipped>
  </testcase>
  <testcase name="validateDateRange_over2Years_returnsFalse" classname="com.stockcompare.Sprint2Tests" time="0.001"/>
  <testcase name="retrievePriceData_returnsNonEmptyList" classname="com.stockcompare.Sprint2Tests" time="0.001"/>
  <testcase name="createAccount_invalidEmail_throwsException" classname="com.stockcompare.Sprint2Tests" time="0.001"/>
  <testcase name="deleteStock_nonExistent_returnsFalse" classname="com.stockcompare.Sprint2Tests" time="0.0">
    <system-out><![CDATA[[SavedStockService] Delete does-not-exist: failed
]]></system-out>
  </testcase>
  <testcase name="loadSavedStocks_returnsCorrectUser" classname="com.stockcompare.Sprint2Tests" time="0.002">
    <system-out><![CDATA[[SavedStockService] Saved: SavedStock{id='75a0b142-e450-4371-85f6-6cea098588bb', symbol='AAPL', range=2026-04-15→2026-04-20, records=3}
[SavedStockService] Saved: SavedStock{id='303da840-5a13-454a-8a4a-764ba6c8b68f', symbol='MSFT', range=2026-04-15→2026-04-20, records=3}
[SavedStockService] Loaded 2 saved stocks.
]]></system-out>
  </testcase>
  <testcase name="updateService_refreshSymbol_returnsTrue" classname="com.stockcompare.Sprint2Tests" time="0.002">
    <system-out><![CDATA[[UpdateService] Refreshing single symbol: AAPL
]]></system-out>
  </testcase>
  <testcase name="exportData_emptyList_throwsException" classname="com.stockcompare.Sprint2Tests" time="0.001"/>
  <testcase name="manageAccount_getUserDetails_returnsCorrectUser" classname="com.stockcompare.Sprint2Tests" time="0.001"/>
  <testcase name="updateService_refreshMultiple_returnsTrue" classname="com.stockcompare.Sprint2Tests" time="0.001">
    <system-out><![CDATA[[UpdateService] Starting update for 3 symbols...
[UpdateService] Update complete. Success: true
]]></system-out>
  </testcase>
  <testcase name="deleteStock_blankId_throwsException" classname="com.stockcompare.Sprint2Tests" time="0.001"/>
  <testcase name="searchStock_validQuery_returnsResults" classname="com.stockcompare.Sprint2Tests" time="0.001"/>
  <testcase name="createAccount_shortPassword_throwsException" classname="com.stockcompare.Sprint2Tests" time="0.001"/>
  <testcase name="manageAccount_notFound_throwsException" classname="com.stockcompare.Sprint2Tests" time="0.0"/>
  <testcase name="createAccount_blankUsername_throwsException" classname="com.stockcompare.Sprint2Tests" time="0.001"/>
  <testcase name="validateDateRange_valid_returnsTrue" classname="com.stockcompare.Sprint2Tests" time="0.0"/>
  <testcase name="saveStock_emptyData_throwsException" classname="com.stockcompare.Sprint2Tests" time="0.0"/>
  <testcase name="exportData_jsonFormat_createsFile" classname="com.stockcompare.Sprint2Tests" time="0.001">
    <system-out><![CDATA[[ExportService] Generated: /Users/fly35s/Downloads/stockcompare2 5/stockcompare_export_1776704551182.json
]]></system-out>
  </testcase>
  <testcase name="compareShares_oneSymbol_throwsException" classname="com.stockcompare.Sprint2Tests" time="0.001"/>
  <testcase name="exportData_csvFormat_createsFile" classname="com.stockcompare.Sprint2Tests" time="0.001">
    <system-out><![CDATA[[ExportService] Generated: /Users/fly35s/Downloads/stockcompare2 5/stockcompare_export_1776704551184.csv
]]></system-out>
  </testcase>
  <testcase name="saveStock_noUserId_throwsException" classname="com.stockcompare.Sprint2Tests" time="0.0"/>
  <testcase name="validateDateRange_startAfterEnd_returnsFalse" classname="com.stockcompare.Sprint2Tests" time="0.001"/>
  <testcase name="viewGraph_returnsData" classname="com.stockcompare.Sprint2Tests" time="0.0">
    <system-out><![CDATA[[StockAnalysisService] Generating graph data for AAPL
]]></system-out>
  </testcase>
  <testcase name="viewGraph_blankSymbol_throwsException" classname="com.stockcompare.Sprint2Tests" time="0.001"/>
  <testcase name="compareShares_twoSymbols_returnsTwoSeries" classname="com.stockcompare.Sprint2Tests" time="0.001">
    <system-out><![CDATA[[StockAnalysisService] Comparing: [AAPL, MSFT]
[StockAnalysisService] Comparison complete for 2 symbols.
]]></system-out>
  </testcase>
</testsuite>